
  GET|HEAD   / ....................................................................................................... 
  POST       _ignition/execute-solution ignition.executeSolution › Spatie\LaravelIgnition › ExecuteSolutionController
  GET|HEAD   _ignition/health-check ............ ignition.healthCheck › Spatie\LaravelIgnition › HealthCheckController
  POST       _ignition/update-config ......... ignition.updateConfig › Spatie\LaravelIgnition › UpdateConfigController
  GET|HEAD   admin/users ............................................................................................. 
  GET|HEAD   admin/users/{id} ........................................................................................ 
  GET|HEAD   api/user ................................................................................................ 
  GET|HEAD   city/{city} ............................................................................................. 
  GET|HEAD   dir/{str} ............................................................................................... 
  GET|HEAD   post/1 .................................................................................................. 
  GET|HEAD   post/{catId}/{postId} ................................................................................... 
  GET|HEAD   post/{id} ............................................................................................... 
  GET|HEAD   posts ................................................................................................... 
  GET|HEAD   posts11/{date} .......................................................................................... 
  GET|HEAD   sanctum/csrf-cookie ......................................... Laravel\Sanctum › CsrfCookieController@show
  GET|HEAD   test .................................................................................................... 
  GET|HEAD   user/{str} .............................................................................................. 
  GET|HEAD   user/{surname}/{name} ................................................................................... 
  GET|HEAD   user10/{id}/{name_2} .................................................................................... 
  GET|HEAD   user9/{id} .............................................................................................. 
  GET|HEAD   {year}/{month}/{day} .................................................................................... 

                                                                                                   Showing [21] routes

